#
# There is insufficient memory for the Java Runtime Environment to continue.
# Native memory allocation (malloc) failed to allocate 1486544 bytes for Chunk::new
# Possible reasons:
#   The system is out of physical RAM or swap space
#   The process is running with CompressedOops enabled, and the Java Heap may be blocking the growth of the native heap
# Possible solutions:
#   Reduce memory load on the system
#   Increase physical memory or swap space
#   Check if swap backing store is full
#   Decrease Java heap size (-Xmx/-Xms)
#   Decrease number of Java threads
#   Decrease Java thread stack sizes (-Xss)
#   Set larger code cache with -XX:ReservedCodeCacheSize=
#   JVM is running with Zero Based Compressed Oops mode in which the Java heap is
#     placed in the first 32GB address space. The Java Heap base address is the
#     maximum limit for the native heap growth. Please use -XX:HeapBaseMinAddress
#     to set the Java Heap base and to place the Java Heap above 32GB virtual address.
# This output file may be truncated or incomplete.
#
#  Out of Memory Error (arena.cpp:168), pid=11180, tid=24276
#
# JRE version: Java(TM) SE Runtime Environment (21.0.2+13) (build 21.0.2+13-LTS-58)
# Java VM: Java HotSpot(TM) 64-Bit Server VM (21.0.2+13-LTS-58, mixed mode, sharing, tiered, compressed oops, compressed class ptrs, g1 gc, windows-amd64)
# No core dump will be written. Minidumps are not enabled by default on client versions of Windows
#

---------------  S U M M A R Y ------------

Command Line: -Dmaven.multiModuleProjectDirectory=C:\Users\UBA\Downloads\task_management1\task_management1 -Djansi.passthrough=true -Dmaven.home=C:\Users\UBA\.m2\wrapper\dists\apache-maven-3.9.9-bin\4nf9hui3q3djbarqar9g711ggc\apache-maven-3.9.9 -Dclassworlds.conf=C:\Users\UBA\.m2\wrapper\dists\apache-maven-3.9.9-bin\4nf9hui3q3djbarqar9g711ggc\apache-maven-3.9.9\bin\m2.conf -Dmaven.ext.class.path=C:\Program Files\JetBrains\IntelliJ IDEA Community Edition 2023.2.6\plugins\maven\lib\maven-event-listener.jar -javaagent:C:\Program Files\JetBrains\IntelliJ IDEA Community Edition 2023.2.6\lib\idea_rt.jar=56374:C:\Program Files\JetBrains\IntelliJ IDEA Community Edition 2023.2.6\bin -Dfile.encoding=UTF-8 -Dsun.stdout.encoding=UTF-8 -Dsun.stderr.encoding=UTF-8 org.codehaus.classworlds.Launcher -Didea.version=2023.2.8 install

Host: Intel(R) Core(TM) i3-1005G1 CPU @ 1.20GHz, 4 cores, 11G,  Windows 10 , 64 bit Build 19041 (10.0.19041.4957)
Time: Fri Feb  7 15:40:55 2025 E. Africa Standard Time elapsed time: 12.828827 seconds (0d 0h 0m 12s)

---------------  T H R E A D  ---------------

Current thread (0x00000175f80145a0):  JavaThread "C2 CompilerThread0" daemon [_thread_in_native, id=24276, stack(0x00000065f6200000,0x00000065f6300000) (1024K)]


Current CompileTask:
C2:  12828 8632   !   4       java.lang.ClassLoader::loadClass (121 bytes)

Stack: [0x00000065f6200000,0x00000065f6300000]
Native frames: (J=compiled Java code, j=interpreted, Vv=VM code, C=native code)
V  [jvm.dll+0x6cade9]
V  [jvm.dll+0x8569c1]
V  [jvm.dll+0x858d2e]
V  [jvm.dll+0x859413]
V  [jvm.dll+0x280e56]
V  [jvm.dll+0xc3f3d]
V  [jvm.dll+0xc4473]
V  [jvm.dll+0x13fa0f]
V  [jvm.dll+0x65b9f5]
V  [jvm.dll+0x659f0d]
V  [jvm.dll+0x249a55]
V  [jvm.dll+0x2491b1]
V  [jvm.dll+0x1c9634]
V  [jvm.dll+0x258859]
V  [jvm.dll+0x256e3a]
V  [jvm.dll+0x3ef6c6]
V  [jvm.dll+0x7ff568]
V  [jvm.dll+0x6c953d]
C  [ucrtbase.dll+0x21bb2]
C  [KERNEL32.DLL+0x17374]
C  [ntdll.dll+0x4cc91]


---------------  P R O C E S S  ---------------

Threads class SMR info:
_java_thread_list=0x00000175fdc3aa40, length=20, elements={
0x00000175d8b58a70, 0x00000175f800eef0, 0x00000175f800fdc0, 0x00000175f801cf80,
0x00000175f801a820, 0x00000175f801bbd0, 0x00000175f801c260, 0x00000175f80145a0,
0x00000175f8027f70, 0x00000175f801a190, 0x00000175f801c8f0, 0x00000175f801aeb0,
0x00000175f8019b00, 0x00000175f80278a0, 0x00000175ff3eec60, 0x00000175ff3ed8b0,
0x00000175ff3eb7e0, 0x00000175ff3e9da0, 0x00000175ff3ef980, 0x00000175ff3eb150
}

Java Threads: ( => current thread )
  0x00000175d8b58a70 JavaThread "main"                              [_thread_in_native, id=23784, stack(0x00000065f5400000,0x00000065f5500000) (1024K)]
  0x00000175f800eef0 JavaThread "Reference Handler"          daemon [_thread_blocked, id=22760, stack(0x00000065f5c00000,0x00000065f5d00000) (1024K)]
  0x00000175f800fdc0 JavaThread "Finalizer"                  daemon [_thread_blocked, id=22984, stack(0x00000065f5d00000,0x00000065f5e00000) (1024K)]
  0x00000175f801cf80 JavaThread "Signal Dispatcher"          daemon [_thread_blocked, id=10300, stack(0x00000065f5e00000,0x00000065f5f00000) (1024K)]
  0x00000175f801a820 JavaThread "Attach Listener"            daemon [_thread_blocked, id=9444, stack(0x00000065f5f00000,0x00000065f6000000) (1024K)]
  0x00000175f801bbd0 JavaThread "Service Thread"             daemon [_thread_blocked, id=19928, stack(0x00000065f6000000,0x00000065f6100000) (1024K)]
  0x00000175f801c260 JavaThread "Monitor Deflation Thread"   daemon [_thread_blocked, id=5700, stack(0x00000065f6100000,0x00000065f6200000) (1024K)]
=>0x00000175f80145a0 JavaThread "C2 CompilerThread0"         daemon [_thread_in_native, id=24276, stack(0x00000065f6200000,0x00000065f6300000) (1024K)]
  0x00000175f8027f70 JavaThread "C1 CompilerThread0"         daemon [_thread_blocked, id=13276, stack(0x00000065f6300000,0x00000065f6400000) (1024K)]
  0x00000175f801a190 JavaThread "Common-Cleaner"             daemon [_thread_blocked, id=3480, stack(0x00000065f6400000,0x00000065f6500000) (1024K)]
  0x00000175f801c8f0 JavaThread "Monitor Ctrl-Break"         daemon [_thread_in_native, id=22820, stack(0x00000065f6500000,0x00000065f6600000) (1024K)]
  0x00000175f801aeb0 JavaThread "Notification Thread"        daemon [_thread_blocked, id=1608, stack(0x00000065f6600000,0x00000065f6700000) (1024K)]
  0x00000175f8019b00 JavaThread "Thread-1"                   daemon [_thread_blocked, id=21436, stack(0x00000065f6b00000,0x00000065f6c00000) (1024K)]
  0x00000175f80278a0 JavaThread "C2 CompilerThread1"         daemon [_thread_in_native, id=22880, stack(0x00000065f6a00000,0x00000065f6b00000) (1024K)]
  0x00000175ff3eec60 JavaThread "timeout-check-timer"        daemon [_thread_blocked, id=11740, stack(0x00000065f6c00000,0x00000065f6d00000) (1024K)]
  0x00000175ff3ed8b0 JavaThread "ping-timer-10s"             daemon [_thread_blocked, id=11104, stack(0x00000065f6d00000,0x00000065f6e00000) (1024K)]
  0x00000175ff3eb7e0 JavaThread "ThreadedStreamConsumer"     daemon [_thread_blocked, id=22036, stack(0x00000065f6e00000,0x00000065f6f00000) (1024K)]
  0x00000175ff3e9da0 JavaThread "fork-1-err-thread"          daemon [_thread_in_native, id=7352, stack(0x00000065f6f00000,0x00000065f7000000) (1024K)]
  0x00000175ff3ef980 JavaThread "commands-fork-1"            daemon [_thread_blocked, id=24100, stack(0x00000065f7000000,0x00000065f7100000) (1024K)]
  0x00000175ff3eb150 JavaThread "fork-1-event-thread"        daemon [_thread_in_native, id=17784, stack(0x00000065f7100000,0x00000065f7200000) (1024K)]
Total: 20

Other Threads:
  0x00000175d8b42a30 VMThread "VM Thread"                           [id=21036, stack(0x00000065f5b00000,0x00000065f5c00000) (1024K)]
  0x00000175f7fdc880 WatcherThread "VM Periodic Task Thread"        [id=23496, stack(0x00000065f5a00000,0x00000065f5b00000) (1024K)]
  0x00000175d8b438b0 WorkerThread "GC Thread#0"                     [id=6300, stack(0x00000065f5500000,0x00000065f5600000) (1024K)]
  0x00000175d8b43170 WorkerThread "GC Thread#1"                     [id=22124, stack(0x00000065f6700000,0x00000065f6800000) (1024K)]
  0x00000175d8b42dd0 WorkerThread "GC Thread#2"                     [id=12116, stack(0x00000065f6800000,0x00000065f6900000) (1024K)]
  0x00000175d8b43510 WorkerThread "GC Thread#3"                     [id=21580, stack(0x00000065f6900000,0x00000065f6a00000) (1024K)]
  0x00000175dac52360 ConcurrentGCThread "G1 Main Marker"            [id=19792, stack(0x00000065f5600000,0x00000065f5700000) (1024K)]
  0x00000175d8b43c50 WorkerThread "G1 Conc#0"                       [id=2792, stack(0x00000065f5700000,0x00000065f5800000) (1024K)]
  0x00000175dacbd950 ConcurrentGCThread "G1 Refine#0"               [id=19536, stack(0x00000065f5800000,0x00000065f5900000) (1024K)]
  0x00000175dacbe2d0 ConcurrentGCThread "G1 Service"                [id=19132, stack(0x00000065f5900000,0x00000065f5a00000) (1024K)]
Total: 10

Threads with active compile tasks:
C2 CompilerThread0    12864 8632   !   4       java.lang.ClassLoader::loadClass (121 bytes)
C2 CompilerThread1    12864 8631       4       org.codehaus.plexus.classworlds.realm.ClassRealm::loadClass (7 bytes)
Total: 2

VM state: not at safepoint (normal execution)

VM Mutex/Monitor currently owned by a thread: None

Heap address: 0x0000000743200000, size: 3022 MB, Compressed Oops mode: Zero based, Oop shift amount: 3

CDS archive(s) mapped at: [0x0000017580000000-0x0000017580c90000-0x0000017580c90000), size 13172736, SharedBaseAddress: 0x0000017580000000, ArchiveRelocationMode: 1.
Compressed class space mapped at: 0x0000017581000000-0x00000175c1000000, reserved size: 1073741824
Narrow klass base: 0x0000017580000000, Narrow klass shift: 0, Narrow klass range: 0x100000000

GC Precious Log:
 CardTable entry size: 512
 Card Set container configuration: InlinePtr #cards 4 size 8 Array Of Cards #cards 16 size 48 Howl #buckets 8 coarsen threshold 3686 Howl Bitmap #cards 512 size 80 coarsen threshold 460 Card regions per heap region 1 cards per card region 4096
 CPUs: 4 total, 4 available
 Memory: 12083M
 Large Page Support: Disabled
 NUMA Support: Disabled
 Compressed Oops: Enabled (Zero based)
 Heap Region Size: 2M
 Heap Min Capacity: 8M
 Heap Initial Capacity: 190M
 Heap Max Capacity: 3022M
 Pre-touch: Disabled
 Parallel Workers: 4
 Concurrent Workers: 1
 Concurrent Refinement Workers: 4
 Periodic GC: Disabled

Heap:
 garbage-first heap   total 133120K, used 91127K [0x0000000743200000, 0x0000000800000000)
  region size 2048K, 11 young (22528K), 2 survivors (4096K)
 Metaspace       used 35046K, committed 35520K, reserved 1114112K
  class space    used 3888K, committed 4096K, reserved 1048576K

Heap Regions: E=young(eden), S=young(survivor), O=old, HS=humongous(starts), HC=humongous(continues), CS=collection set, F=free, TAMS=top-at-mark-start, PB=parsable bottom
|   0|0x0000000743200000, 0x0000000743400000, 0x0000000743400000|100%| O|  |TAMS 0x0000000743200000| PB 0x0000000743200000| Untracked 
|   1|0x0000000743400000, 0x0000000743600000, 0x0000000743600000|100%| O|  |TAMS 0x0000000743400000| PB 0x0000000743400000| Untracked 
|   2|0x0000000743600000, 0x0000000743800000, 0x0000000743800000|100%| O|  |TAMS 0x0000000743600000| PB 0x0000000743600000| Untracked 
|   3|0x0000000743800000, 0x0000000743a00000, 0x0000000743a00000|100%| O|  |TAMS 0x0000000743800000| PB 0x0000000743800000| Untracked 
|   4|0x0000000743a00000, 0x0000000743c00000, 0x0000000743c00000|100%| O|  |TAMS 0x0000000743a00000| PB 0x0000000743a00000| Untracked 
|   5|0x0000000743c00000, 0x0000000743e00000, 0x0000000743e00000|100%| O|  |TAMS 0x0000000743c00000| PB 0x0000000743c00000| Untracked 
|   6|0x0000000743e00000, 0x0000000744000000, 0x0000000744000000|100%| O|  |TAMS 0x0000000743e00000| PB 0x0000000743e00000| Untracked 
|   7|0x0000000744000000, 0x0000000744200000, 0x0000000744200000|100%| O|Cm|TAMS 0x0000000744000000| PB 0x0000000744000000| Complete 
|   8|0x0000000744200000, 0x0000000744200000, 0x0000000744400000|  0%| F|  |TAMS 0x0000000744200000| PB 0x0000000744200000| Untracked 
|   9|0x0000000744400000, 0x0000000744400000, 0x0000000744600000|  0%| F|  |TAMS 0x0000000744400000| PB 0x0000000744400000| Untracked 
|  10|0x0000000744600000, 0x0000000744800000, 0x0000000744800000|100%|HS|  |TAMS 0x0000000744600000| PB 0x0000000744600000| Complete 
|  11|0x0000000744800000, 0x0000000744a00000, 0x0000000744a00000|100%|HC|  |TAMS 0x0000000744800000| PB 0x0000000744800000| Complete 
|  12|0x0000000744a00000, 0x0000000744c00000, 0x0000000744c00000|100%| O|Cm|TAMS 0x0000000744a00000| PB 0x0000000744a00000| Complete 
|  13|0x0000000744c00000, 0x0000000744e00000, 0x0000000744e00000|100%| O|Cm|TAMS 0x0000000744c00000| PB 0x0000000744c00000| Complete 
|  14|0x0000000744e00000, 0x0000000745000000, 0x0000000745000000|100%| O|Cm|TAMS 0x0000000744e00000| PB 0x0000000744e00000| Complete 
|  15|0x0000000745000000, 0x0000000745200000, 0x0000000745200000|100%| O|Cm|TAMS 0x0000000745000000| PB 0x0000000745000000| Complete 
|  16|0x0000000745200000, 0x0000000745400000, 0x0000000745400000|100%|HS|  |TAMS 0x0000000745200000| PB 0x0000000745200000| Complete 
|  17|0x0000000745400000, 0x0000000745600000, 0x0000000745600000|100%|HC|  |TAMS 0x0000000745400000| PB 0x0000000745400000| Complete 
|  18|0x0000000745600000, 0x0000000745800000, 0x0000000745800000|100%| O|  |TAMS 0x0000000745600000| PB 0x0000000745600000| Untracked 
|  19|0x0000000745800000, 0x0000000745a00000, 0x0000000745a00000|100%| O|  |TAMS 0x0000000745800000| PB 0x0000000745800000| Untracked 
|  20|0x0000000745a00000, 0x0000000745c00000, 0x0000000745c00000|100%| O|Cm|TAMS 0x0000000745a00000| PB 0x0000000745a00000| Complete 
|  21|0x0000000745c00000, 0x0000000745e00000, 0x0000000745e00000|100%| O|Cm|TAMS 0x0000000745c00000| PB 0x0000000745c00000| Complete 
|  22|0x0000000745e00000, 0x0000000746000000, 0x0000000746000000|100%| O|  |TAMS 0x0000000745e00000| PB 0x0000000745e00000| Untracked 
|  23|0x0000000746000000, 0x0000000746200000, 0x0000000746200000|100%| O|  |TAMS 0x0000000746000000| PB 0x0000000746000000| Untracked 
|  24|0x0000000746200000, 0x0000000746400000, 0x0000000746400000|100%| O|  |TAMS 0x0000000746200000| PB 0x0000000746200000| Untracked 
|  25|0x0000000746400000, 0x0000000746600000, 0x0000000746600000|100%| O|  |TAMS 0x0000000746400000| PB 0x0000000746400000| Untracked 
|  26|0x0000000746600000, 0x0000000746800000, 0x0000000746800000|100%| O|  |TAMS 0x0000000746600000| PB 0x0000000746600000| Untracked 
|  27|0x0000000746800000, 0x0000000746a00000, 0x0000000746a00000|100%| O|  |TAMS 0x0000000746800000| PB 0x0000000746800000| Untracked 
|  28|0x0000000746a00000, 0x0000000746c00000, 0x0000000746c00000|100%| O|  |TAMS 0x0000000746a00000| PB 0x0000000746a00000| Untracked 
|  29|0x0000000746c00000, 0x0000000746e00000, 0x0000000746e00000|100%| O|  |TAMS 0x0000000746c00000| PB 0x0000000746c00000| Untracked 
|  30|0x0000000746e00000, 0x0000000746e00000, 0x0000000747000000|  0%| F|  |TAMS 0x0000000746e00000| PB 0x0000000746e00000| Untracked 
|  31|0x0000000747000000, 0x0000000747200000, 0x0000000747200000|100%| O|  |TAMS 0x0000000747000000| PB 0x0000000747000000| Untracked 
|  32|0x0000000747200000, 0x0000000747400000, 0x0000000747400000|100%| O|  |TAMS 0x0000000747200000| PB 0x0000000747200000| Untracked 
|  33|0x0000000747400000, 0x0000000747400000, 0x0000000747600000|  0%| F|  |TAMS 0x0000000747400000| PB 0x0000000747400000| Untracked 
|  34|0x0000000747600000, 0x0000000747600000, 0x0000000747800000|  0%| F|  |TAMS 0x0000000747600000| PB 0x0000000747600000| Untracked 
|  35|0x0000000747800000, 0x0000000747800000, 0x0000000747a00000|  0%| F|  |TAMS 0x0000000747800000| PB 0x0000000747800000| Untracked 
|  36|0x0000000747a00000, 0x0000000747a00000, 0x0000000747c00000|  0%| F|  |TAMS 0x0000000747a00000| PB 0x0000000747a00000| Untracked 
|  37|0x0000000747c00000, 0x0000000747c00000, 0x0000000747e00000|  0%| F|  |TAMS 0x0000000747c00000| PB 0x0000000747c00000| Untracked 
|  38|0x0000000747e00000, 0x0000000747e00000, 0x0000000748000000|  0%| F|  |TAMS 0x0000000747e00000| PB 0x0000000747e00000| Untracked 
|  39|0x0000000748000000, 0x0000000748000000, 0x0000000748200000|  0%| F|  |TAMS 0x0000000748000000| PB 0x0000000748000000| Untracked 
|  40|0x0000000748200000, 0x0000000748200000, 0x0000000748400000|  0%| F|  |TAMS 0x0000000748200000| PB 0x0000000748200000| Untracked 
|  41|0x0000000748400000, 0x0000000748400000, 0x0000000748600000|  0%| F|  |TAMS 0x0000000748400000| PB 0x0000000748400000| Untracked 
|  42|0x0000000748600000, 0x0000000748600000, 0x0000000748800000|  0%| F|  |TAMS 0x0000000748600000| PB 0x0000000748600000| Untracked 
|  43|0x0000000748800000, 0x0000000748800000, 0x0000000748a00000|  0%| F|  |TAMS 0x0000000748800000| PB 0x0000000748800000| Untracked 
|  44|0x0000000748a00000, 0x0000000748a00000, 0x0000000748c00000|  0%| F|  |TAMS 0x0000000748a00000| PB 0x0000000748a00000| Untracked 
|  45|0x0000000748c00000, 0x0000000748cfdce0, 0x0000000748e00000| 49%| S|CS|TAMS 0x0000000748c00000| PB 0x0000000748c00000| Complete 
|  46|0x0000000748e00000, 0x0000000749000000, 0x0000000749000000|100%| S|CS|TAMS 0x0000000748e00000| PB 0x0000000748e00000| Complete 
|  47|0x0000000749000000, 0x0000000749000000, 0x0000000749200000|  0%| F|  |TAMS 0x0000000749000000| PB 0x0000000749000000| Untracked 
|  48|0x0000000749200000, 0x0000000749200000, 0x0000000749400000|  0%| F|  |TAMS 0x0000000749200000| PB 0x0000000749200000| Untracked 
|  49|0x0000000749400000, 0x0000000749400000, 0x0000000749600000|  0%| F|  |TAMS 0x0000000749400000| PB 0x0000000749400000| Untracked 
|  50|0x0000000749600000, 0x0000000749600000, 0x0000000749800000|  0%| F|  |TAMS 0x0000000749600000| PB 0x0000000749600000| Untracked 
|  51|0x0000000749800000, 0x00000007499b27c0, 0x0000000749a00000| 84%| E|  |TAMS 0x0000000749800000| PB 0x0000000749800000| Complete 
|  52|0x0000000749a00000, 0x0000000749c00000, 0x0000000749c00000|100%| E|CS|TAMS 0x0000000749a00000| PB 0x0000000749a00000| Complete 
|  53|0x0000000749c00000, 0x0000000749e00000, 0x0000000749e00000|100%| E|CS|TAMS 0x0000000749c00000| PB 0x0000000749c00000| Complete 
|  54|0x0000000749e00000, 0x000000074a000000, 0x000000074a000000|100%| E|CS|TAMS 0x0000000749e00000| PB 0x0000000749e00000| Complete 
|  55|0x000000074a000000, 0x000000074a200000, 0x000000074a200000|100%| E|CS|TAMS 0x000000074a000000| PB 0x000000074a000000| Complete 
|  56|0x000000074a200000, 0x000000074a400000, 0x000000074a400000|100%| E|CS|TAMS 0x000000074a200000| PB 0x000000074a200000| Complete 
|  73|0x000000074c400000, 0x000000074c600000, 0x000000074c600000|100%| E|CS|TAMS 0x000000074c400000| PB 0x000000074c400000| Complete 
|  74|0x000000074c600000, 0x000000074c800000, 0x000000074c800000|100%| E|CS|TAMS 0x000000074c600000| PB 0x000000074c600000| Complete 
|  94|0x000000074ee00000, 0x000000074f000000, 0x000000074f000000|100%| E|CS|TAMS 0x000000074ee00000| PB 0x000000074ee00000| Complete 
|1506|0x00000007ff600000, 0x00000007ff800000, 0x00000007ff800000|100%| O|  |TAMS 0x00000007ff600000| PB 0x00000007ff600000| Untracked 
|1507|0x00000007ff800000, 0x00000007ffa00000, 0x00000007ffa00000|100%| O|  |TAMS 0x00000007ff800000| PB 0x00000007ff800000| Untracked 
|1508|0x00000007ffa00000, 0x00000007ffc00000, 0x00000007ffc00000|100%| O|Cm|TAMS 0x00000007ffa00000| PB 0x00000007ffa00000| Complete 
|1509|0x00000007ffc00000, 0x00000007ffe00000, 0x00000007ffe00000|100%| O|  |TAMS 0x00000007ffc00000| PB 0x00000007ffc00000| Untracked 
|1510|0x00000007ffe00000, 0x0000000800000000, 0x0000000800000000|100%| O|Cm|TAMS 0x00000007ffe00000| PB 0x00000007ffe00000| Complete 

Card table byte_map: [0x00000175f2650000,0x00000175f2c40000] _byte_map_base: 0x00000175eec37000

Marking Bits: (CMBitMap*) 0x00000175dac45c00
 Bits: [0x00000175f2c40000, 0x00000175f5b78000)

Polling page: 0x00000175d8ab0000

Metaspace:

Usage:
  Non-class:     30.43 MB used.
      Class:      3.80 MB used.
       Both:     34.23 MB used.

Virtual space:
  Non-class space:       64.00 MB reserved,      30.69 MB ( 48%) committed,  1 nodes.
      Class space:        1.00 GB reserved,       4.00 MB ( <1%) committed,  1 nodes.
             Both:        1.06 GB reserved,      34.69 MB (  3%) committed. 

Chunk freelists:
   Non-Class:  464.00 KB
       Class:  11.97 MB
        Both:  12.42 MB

MaxMetaspaceSize: unlimited
CompressedClassSpaceSize: 1.00 GB
Initial GC threshold: 21.00 MB
Current GC threshold: 53.44 MB
CDS: on
 - commit_granule_bytes: 65536.
 - commit_granule_words: 8192.
 - virtual_space_node_default_size: 8388608.
 - enlarge_chunks_in_place: 1.
 - use_allocation_guard: 0.


Internal statistics:

num_allocs_failed_limit: 3.
num_arena_births: 402.
num_arena_deaths: 4.
num_vsnodes_births: 2.
num_vsnodes_deaths: 0.
num_space_committed: 571.
num_space_uncommitted: 7.
num_chunks_returned_to_freelist: 76.
num_chunks_taken_from_freelist: 1738.
num_chunk_merges: 21.
num_chunk_splits: 1209.
num_chunks_enlarged: 941.
num_inconsistent_stats: 0.

CodeHeap 'non-profiled nmethods': size=120000Kb used=4027Kb max_used=4465Kb free=115972Kb
 bounds [0x00000175eab30000, 0x00000175eaf90000, 0x00000175f2060000]
CodeHeap 'profiled nmethods': size=120000Kb used=16554Kb max_used=18385Kb free=103445Kb
 bounds [0x00000175e3060000, 0x00000175e4260000, 0x00000175ea590000]
CodeHeap 'non-nmethods': size=5760Kb used=1690Kb max_used=1753Kb free=4069Kb
 bounds [0x00000175ea590000, 0x00000175ea800000, 0x00000175eab30000]
 total_blobs=8327 nmethods=7738 adapters=493
 compilation: enabled
              stopped_count=0, restarted_count=0
 full_count=0

Compilation events (20 events):
Event: 12.097 Thread 0x00000175f8027f70 8637       3       java.lang.ProcessEnvironment$CheckedEntry::getKey (5 bytes)
Event: 12.097 Thread 0x00000175f8027f70 nmethod 8637 0x00000175e360f610 code [0x00000175e360f7e0, 0x00000175e360fb08]
Event: 12.097 Thread 0x00000175f8027f70 8635       3       java.lang.ProcessEnvironment$CheckedEntrySet$1::next (5 bytes)
Event: 12.097 Thread 0x00000175f8027f70 nmethod 8635 0x00000175e3e80010 code [0x00000175e3e801e0, 0x00000175e3e806c0]
Event: 12.113 Thread 0x00000175f8027f70 8639       1       java.util.concurrent.CopyOnWriteArrayList::getArray (5 bytes)
Event: 12.113 Thread 0x00000175f8027f70 nmethod 8639 0x00000175eacf9e10 code [0x00000175eacf9fa0, 0x00000175eacfa070]
Event: 12.130 Thread 0x00000175f8027f70 8642       3       java.net.URLClassLoader::definePackage (274 bytes)
Event: 12.134 Thread 0x00000175f8027f70 nmethod 8642 0x00000175e35de610 code [0x00000175e35ded00, 0x00000175e35e2e50]
Event: 12.137 Thread 0x00000175f8027f70 8643       3       java.util.zip.CRC32::update (38 bytes)
Event: 12.138 Thread 0x00000175f8027f70 nmethod 8643 0x00000175e3551390 code [0x00000175e3551580, 0x00000175e35519b8]
Event: 12.148 Thread 0x00000175f80145a0 nmethod 8603 0x00000175ead6fd90 code [0x00000175ead70100, 0x00000175ead72c30]
Event: 12.148 Thread 0x00000175f80145a0 8640       4       java.lang.String::regionMatches (150 bytes)
Event: 12.151 Thread 0x00000175f8027f70 8644       3       java.lang.String::indexOf (64 bytes)
Event: 12.151 Thread 0x00000175f8027f70 nmethod 8644 0x00000175e35b4a90 code [0x00000175e35b4ca0, 0x00000175e35b5180]
Event: 12.152 Thread 0x00000175f80145a0 nmethod 8640 0x00000175ead23f90 code [0x00000175ead24140, 0x00000175ead24480]
Event: 12.152 Thread 0x00000175f80145a0 8641       4       java.util.ArrayDeque::addLast (51 bytes)
Event: 12.155 Thread 0x00000175f80145a0 nmethod 8641 0x00000175eacf9810 code [0x00000175eacf99c0, 0x00000175eacf9c20]
Event: 12.155 Thread 0x00000175f80145a0 8632   !   4       java.lang.ClassLoader::loadClass (121 bytes)
Event: 12.417 Thread 0x00000175f8027f70 8645       1       java.util.concurrent.atomic.AtomicInteger::get (5 bytes)
Event: 12.418 Thread 0x00000175f8027f70 nmethod 8645 0x00000175ead6fa90 code [0x00000175ead6fc20, 0x00000175ead6fce8]

GC Heap History (20 events):
Event: 1.979 GC heap before
{Heap before GC invocations=2 (full 0):
 garbage-first heap   total 194560K, used 43094K [0x0000000743200000, 0x0000000800000000)
  region size 2048K, 21 young (43008K), 1 survivors (2048K)
 Metaspace       used 12237K, committed 12480K, reserved 1114112K
  class space    used 1442K, committed 1536K, reserved 1048576K
}
Event: 1.984 GC heap after
{Heap after GC invocations=3 (full 0):
 garbage-first heap   total 194560K, used 7022K [0x0000000743200000, 0x0000000800000000)
  region size 2048K, 2 young (4096K), 2 survivors (4096K)
 Metaspace       used 12237K, committed 12480K, reserved 1114112K
  class space    used 1442K, committed 1536K, reserved 1048576K
}
Event: 4.564 GC heap before
{Heap before GC invocations=3 (full 0):
 garbage-first heap   total 194560K, used 119662K [0x0000000743200000, 0x0000000800000000)
  region size 2048K, 57 young (116736K), 2 survivors (4096K)
 Metaspace       used 17281K, committed 17536K, reserved 1114112K
  class space    used 1942K, committed 2048K, reserved 1048576K
}
Event: 4.583 GC heap after
{Heap after GC invocations=4 (full 0):
 garbage-first heap   total 194560K, used 16828K [0x0000000743200000, 0x0000000800000000)
  region size 2048K, 7 young (14336K), 7 survivors (14336K)
 Metaspace       used 17281K, committed 17536K, reserved 1114112K
  class space    used 1942K, committed 2048K, reserved 1048576K
}
Event: 6.141 GC heap before
{Heap before GC invocations=4 (full 0):
 garbage-first heap   total 194560K, used 55740K [0x0000000743200000, 0x0000000800000000)
  region size 2048K, 27 young (55296K), 7 survivors (14336K)
 Metaspace       used 21260K, committed 21504K, reserved 1114112K
  class space    used 2384K, committed 2496K, reserved 1048576K
}
Event: 6.157 GC heap after
{Heap after GC invocations=5 (full 0):
 garbage-first heap   total 194560K, used 18226K [0x0000000743200000, 0x0000000800000000)
  region size 2048K, 2 young (4096K), 2 survivors (4096K)
 Metaspace       used 21260K, committed 21504K, reserved 1114112K
  class space    used 2384K, committed 2496K, reserved 1048576K
}
Event: 7.390 GC heap before
{Heap before GC invocations=6 (full 0):
 garbage-first heap   total 90112K, used 75570K [0x0000000743200000, 0x0000000800000000)
  region size 2048K, 26 young (53248K), 2 survivors (4096K)
 Metaspace       used 27351K, committed 27712K, reserved 1114112K
  class space    used 3084K, committed 3264K, reserved 1048576K
}
Event: 7.413 GC heap after
{Heap after GC invocations=7 (full 0):
 garbage-first heap   total 98304K, used 42879K [0x0000000743200000, 0x0000000800000000)
  region size 2048K, 4 young (8192K), 4 survivors (8192K)
 Metaspace       used 27351K, committed 27712K, reserved 1114112K
  class space    used 3084K, committed 3264K, reserved 1048576K
}
Event: 8.013 GC heap before
{Heap before GC invocations=7 (full 0):
 garbage-first heap   total 98304K, used 77695K [0x0000000743200000, 0x0000000800000000)
  region size 2048K, 21 young (43008K), 4 survivors (8192K)
 Metaspace       used 28684K, committed 29120K, reserved 1114112K
  class space    used 3186K, committed 3392K, reserved 1048576K
}
Event: 8.043 GC heap after
{Heap after GC invocations=8 (full 0):
 garbage-first heap   total 98304K, used 48180K [0x0000000743200000, 0x0000000800000000)
  region size 2048K, 3 young (6144K), 3 survivors (6144K)
 Metaspace       used 28684K, committed 29120K, reserved 1114112K
  class space    used 3186K, committed 3392K, reserved 1048576K
}
Event: 8.592 GC heap before
{Heap before GC invocations=8 (full 0):
 garbage-first heap   total 98304K, used 78900K [0x0000000743200000, 0x0000000800000000)
  region size 2048K, 19 young (38912K), 3 survivors (6144K)
 Metaspace       used 30065K, committed 30528K, reserved 1114112K
  class space    used 3355K, committed 3584K, reserved 1048576K
}
Event: 8.605 GC heap after
{Heap after GC invocations=9 (full 0):
 garbage-first heap   total 120832K, used 49964K [0x0000000743200000, 0x0000000800000000)
  region size 2048K, 1 young (2048K), 1 survivors (2048K)
 Metaspace       used 30065K, committed 30528K, reserved 1114112K
  class space    used 3355K, committed 3584K, reserved 1048576K
}
Event: 10.005 GC heap before
{Heap before GC invocations=9 (full 0):
 garbage-first heap   total 120832K, used 101164K [0x0000000743200000, 0x0000000800000000)
  region size 2048K, 25 young (51200K), 1 survivors (2048K)
 Metaspace       used 32204K, committed 32640K, reserved 1114112K
  class space    used 3582K, committed 3776K, reserved 1048576K
}
Event: 10.025 GC heap after
{Heap after GC invocations=10 (full 0):
 garbage-first heap   total 120832K, used 61181K [0x0000000743200000, 0x0000000800000000)
  region size 2048K, 4 young (8192K), 4 survivors (8192K)
 Metaspace       used 32204K, committed 32640K, reserved 1114112K
  class space    used 3582K, committed 3776K, reserved 1048576K
}
Event: 10.452 GC heap before
{Heap before GC invocations=10 (full 0):
 garbage-first heap   total 120832K, used 98045K [0x0000000743200000, 0x0000000800000000)
  region size 2048K, 23 young (47104K), 4 survivors (8192K)
 Metaspace       used 32223K, committed 32640K, reserved 1114112K
  class space    used 3582K, committed 3776K, reserved 1048576K
}
Event: 10.484 GC heap after
{Heap after GC invocations=11 (full 0):
 garbage-first heap   total 122880K, used 75352K [0x0000000743200000, 0x0000000800000000)
  region size 2048K, 3 young (6144K), 3 survivors (6144K)
 Metaspace       used 32223K, committed 32640K, reserved 1114112K
  class space    used 3582K, committed 3776K, reserved 1048576K
}
Event: 11.024 GC heap before
{Heap before GC invocations=11 (full 0):
 garbage-first heap   total 122880K, used 99928K [0x0000000743200000, 0x0000000800000000)
  region size 2048K, 16 young (32768K), 3 survivors (6144K)
 Metaspace       used 33204K, committed 33600K, reserved 1114112K
  class space    used 3697K, committed 3904K, reserved 1048576K
}
Event: 11.032 GC heap after
{Heap after GC invocations=12 (full 0):
 garbage-first heap   total 122880K, used 77824K [0x0000000743200000, 0x0000000800000000)
  region size 2048K, 1 young (2048K), 1 survivors (2048K)
 Metaspace       used 33204K, committed 33600K, reserved 1114112K
  class space    used 3697K, committed 3904K, reserved 1048576K
}
Event: 11.736 GC heap before
{Heap before GC invocations=13 (full 0):
 garbage-first heap   total 133120K, used 100352K [0x0000000743200000, 0x0000000800000000)
  region size 2048K, 14 young (28672K), 1 survivors (2048K)
 Metaspace       used 32719K, committed 33152K, reserved 1114112K
  class space    used 3629K, committed 3840K, reserved 1048576K
}
Event: 11.743 GC heap after
{Heap after GC invocations=14 (full 0):
 garbage-first heap   total 133120K, used 74743K [0x0000000743200000, 0x0000000800000000)
  region size 2048K, 2 young (4096K), 2 survivors (4096K)
 Metaspace       used 32719K, committed 33152K, reserved 1114112K
  class space    used 3629K, committed 3840K, reserved 1048576K
}

Dll operation events (12 events):
Event: 0.011 Loaded shared library C:\Program Files\Java\jdk-21\bin\java.dll
Event: 0.063 Loaded shared library C:\Program Files\Java\jdk-21\bin\jsvml.dll
Event: 0.123 Loaded shared library C:\Program Files\Java\jdk-21\bin\zip.dll
Event: 0.127 Loaded shared library C:\Program Files\Java\jdk-21\bin\instrument.dll
Event: 0.134 Loaded shared library C:\Program Files\Java\jdk-21\bin\net.dll
Event: 0.138 Loaded shared library C:\Program Files\Java\jdk-21\bin\nio.dll
Event: 0.141 Loaded shared library C:\Program Files\Java\jdk-21\bin\zip.dll
Event: 0.158 Loaded shared library C:\Program Files\JetBrains\IntelliJ IDEA Community Edition 2023.2.6\bin\breakgen64.dll
Event: 0.177 Loaded shared library C:\Program Files\Java\jdk-21\bin\extnet.dll
Event: 0.298 Loaded shared library C:\Program Files\Java\jdk-21\bin\jimage.dll
Event: 0.321 Loaded shared library C:\Users\UBA\AppData\Local\Temp\jansi-2.4.1-3bab2e5341192c4a-jansi.dll
Event: 0.335 Loaded shared library C:\Program Files\Java\jdk-21\bin\verify.dll

Deoptimization events (20 events):
Event: 12.151 Thread 0x00000175ff3e9da0 Uncommon trap: trap_request=0xffffff45 fr.pc=0x00000175eac512f8 relative=0x0000000000000318
Event: 12.151 Thread 0x00000175ff3e9da0 Uncommon trap: reason=unstable_if action=reinterpret pc=0x00000175eac512f8 method=java.lang.AbstractStringBuilder.inflateIfNeededFor(Ljava/lang/String;)V @ 14 c2
Event: 12.151 Thread 0x00000175ff3e9da0 DEOPT PACKING pc=0x00000175eac512f8 sp=0x00000065f6ffed70
Event: 12.151 Thread 0x00000175ff3e9da0 DEOPT UNPACKING pc=0x00000175ea5e7da2 sp=0x00000065f6ffec68 mode 2
Event: 12.151 Thread 0x00000175ff3e9da0 Uncommon trap: trap_request=0xffffff45 fr.pc=0x00000175eab63c38 relative=0x0000000000000118
Event: 12.151 Thread 0x00000175ff3e9da0 Uncommon trap: reason=unstable_if action=reinterpret pc=0x00000175eab63c38 method=java.lang.String.getBytes([BIB)V @ 5 c2
Event: 12.151 Thread 0x00000175ff3e9da0 DEOPT PACKING pc=0x00000175eab63c38 sp=0x00000065f6ffec90
Event: 12.151 Thread 0x00000175ff3e9da0 DEOPT UNPACKING pc=0x00000175ea5e7da2 sp=0x00000065f6ffec58 mode 2
Event: 12.151 Thread 0x00000175ff3e9da0 Uncommon trap: trap_request=0xffffff45 fr.pc=0x00000175eac355b0 relative=0x0000000000000570
Event: 12.151 Thread 0x00000175ff3e9da0 Uncommon trap: reason=unstable_if action=reinterpret pc=0x00000175eac355b0 method=java.lang.String.<init>(Ljava/lang/AbstractStringBuilder;Ljava/lang/Void;)V @ 19 c2
Event: 12.151 Thread 0x00000175ff3e9da0 DEOPT PACKING pc=0x00000175eac355b0 sp=0x00000065f6ffedd0
Event: 12.151 Thread 0x00000175ff3e9da0 DEOPT UNPACKING pc=0x00000175ea5e7da2 sp=0x00000065f6ffecc8 mode 2
Event: 12.151 Thread 0x00000175ff3e9da0 Uncommon trap: trap_request=0xffffff45 fr.pc=0x00000175eacb5c68 relative=0x00000000000000c8
Event: 12.151 Thread 0x00000175ff3e9da0 Uncommon trap: reason=unstable_if action=reinterpret pc=0x00000175eacb5c68 method=java.lang.String.codePointAt(I)I @ 4 c2
Event: 12.151 Thread 0x00000175ff3e9da0 DEOPT PACKING pc=0x00000175eacb5c68 sp=0x00000065f6ffed50
Event: 12.151 Thread 0x00000175ff3e9da0 DEOPT UNPACKING pc=0x00000175ea5e7da2 sp=0x00000065f6ffecd8 mode 2
Event: 12.151 Thread 0x00000175ff3e9da0 Uncommon trap: trap_request=0xffffffc6 fr.pc=0x00000175eacebfdc relative=0x000000000000019c
Event: 12.151 Thread 0x00000175ff3e9da0 Uncommon trap: reason=bimorphic_or_optimized_type_check action=maybe_recompile pc=0x00000175eacebfdc method=java.util.regex.Matcher.getTextLength()I @ 4 c2
Event: 12.151 Thread 0x00000175ff3e9da0 DEOPT PACKING pc=0x00000175eacebfdc sp=0x00000065f6ffee20
Event: 12.151 Thread 0x00000175ff3e9da0 DEOPT UNPACKING pc=0x00000175ea5e7da2 sp=0x00000065f6ffed70 mode 2

Classes loaded (20 events):
Event: 12.113 Loading class jdk/internal/logger/LoggerFinderLoader
Event: 12.113 Loading class jdk/internal/logger/LoggerFinderLoader done
Event: 12.113 Loading class jdk/internal/logger/LoggerFinderLoader$TemporaryLoggerFinder
Event: 12.113 Loading class jdk/internal/logger/LoggerFinderLoader$TemporaryLoggerFinder done
Event: 12.114 Loading class sun/util/logging/internal/LoggingProviderImpl$JULWrapper
Event: 12.114 Loading class sun/util/logging/PlatformLogger$ConfigurableBridge$LoggerConfiguration
Event: 12.114 Loading class sun/util/logging/PlatformLogger$ConfigurableBridge$LoggerConfiguration done
Event: 12.114 Loading class sun/util/logging/internal/LoggingProviderImpl$JULWrapper done
Event: 12.114 Loading class java/lang/System$Logger$Level
Event: 12.114 Loading class java/lang/System$Logger$Level done
Event: 12.116 Loading class java/nio/channels/ClosedChannelException
Event: 12.116 Loading class java/nio/channels/ClosedChannelException done
Event: 12.117 Loading class java/nio/channels/NonReadableChannelException
Event: 12.117 Loading class java/nio/channels/NonReadableChannelException done
Event: 12.118 Loading class java/nio/channels/NonWritableChannelException
Event: 12.118 Loading class java/nio/channels/NonWritableChannelException done
Event: 12.148 Loading class java/util/Scanner
Event: 12.149 Loading class java/util/Scanner done
Event: 12.150 Loading class java/util/Scanner$PatternLRUCache
Event: 12.150 Loading class java/util/Scanner$PatternLRUCache done

Classes unloaded (20 events):
Event: 11.130 Thread 0x00000175d8b42a30 Unloading class 0x000001758135e7e8 'lombok/javac/apt/MessagerDiagnosticsReceiver'
Event: 11.130 Thread 0x00000175d8b42a30 Unloading class 0x000001758135e420 'lombok/javac/apt/InterceptingJavaFileManager'
Event: 11.130 Thread 0x00000175d8b42a30 Unloading class 0x000001758135e218 'lombok/permit/dummy/Parent'
Event: 11.130 Thread 0x00000175d8b42a30 Unloading class 0x000001758135e000 'lombok/core/CleanupRegistry'
Event: 11.130 Thread 0x00000175d8b42a30 Unloading class 0x000001758135dde8 'lombok/permit/Permit$Fake'
Event: 11.130 Thread 0x00000175d8b42a30 Unloading class 0x000001758135dbe8 'lombok/permit/Permit'
Event: 11.130 Thread 0x00000175d8b42a30 Unloading class 0x000001758135d9f0 'lombok/core/DiagnosticsReceiver'
Event: 11.130 Thread 0x00000175d8b42a30 Unloading class 0x000001758135d700 'lombok/javac/apt/LombokProcessor$1'
Event: 11.130 Thread 0x00000175d8b42a30 Unloading class 0x000001758135d468 'lombok/javac/apt/LombokProcessor'
Event: 11.130 Thread 0x00000175d8b42a30 Unloading class 0x000001758135d238 'lombok/core/AnnotationProcessor$EcjDescriptor'
Event: 11.130 Thread 0x00000175d8b42a30 Unloading class 0x000001758135d000 'lombok/core/AnnotationProcessor$JavacDescriptor'
Event: 11.130 Thread 0x00000175d8b42a30 Unloading class 0x000001758135ca80 'lombok/core/AnnotationProcessor$ProcessorDescriptor'
Event: 11.130 Thread 0x00000175d8b42a30 Unloading class 0x000001758135c800 'lombok/core/AnnotationProcessor'
Event: 11.130 Thread 0x00000175d8b42a30 Unloading class 0x0000017581391800 'lombok/launch/AnnotationProcessorHider$ClaimingProcessor'
Event: 11.130 Thread 0x00000175d8b42a30 Unloading class 0x000001758135c498 'lombok/launch/AnnotationProcessorHider$AstModificationNotifierData'
Event: 11.130 Thread 0x00000175d8b42a30 Unloading class 0x000001758135c218 'lombok/launch/ClassFileMetaData'
Event: 11.130 Thread 0x00000175d8b42a30 Unloading class 0x000001758135c000 'lombok/launch/PackageShader'
Event: 11.130 Thread 0x00000175d8b42a30 Unloading class 0x0000017581334480 'lombok/launch/ShadowClassLoader'
Event: 11.130 Thread 0x00000175d8b42a30 Unloading class 0x0000017581334280 'lombok/launch/Main'
Event: 11.130 Thread 0x00000175d8b42a30 Unloading class 0x0000017581334000 'lombok/launch/AnnotationProcessorHider$AnnotationProcessor'

Classes redefined (0 events):
No events

Internal exceptions (20 events):
Event: 11.215 Thread 0x00000175d8b58a70 Exception <a 'sun/nio/fs/WindowsException'{0x000000074a368118}> (0x000000074a368118) 
thrown [s\open\src\hotspot\share\prims\jni.cpp, line 520]
Event: 11.215 Thread 0x00000175d8b58a70 Exception <a 'sun/nio/fs/WindowsException'{0x000000074a368b10}> (0x000000074a368b10) 
thrown [s\open\src\hotspot\share\prims\jni.cpp, line 520]
Event: 11.215 Thread 0x00000175d8b58a70 Exception <a 'sun/nio/fs/WindowsException'{0x000000074a3695e0}> (0x000000074a3695e0) 
thrown [s\open\src\hotspot\share\prims\jni.cpp, line 520]
Event: 11.225 Thread 0x00000175d8b58a70 Exception <a 'sun/nio/fs/WindowsException'{0x000000074a389ad8}> (0x000000074a389ad8) 
thrown [s\open\src\hotspot\share\prims\jni.cpp, line 520]
Event: 11.225 Thread 0x00000175d8b58a70 Exception <a 'sun/nio/fs/WindowsException'{0x000000074a38a4d0}> (0x000000074a38a4d0) 
thrown [s\open\src\hotspot\share\prims\jni.cpp, line 520]
Event: 11.225 Thread 0x00000175d8b58a70 Exception <a 'sun/nio/fs/WindowsException'{0x000000074a38afa0}> (0x000000074a38afa0) 
thrown [s\open\src\hotspot\share\prims\jni.cpp, line 520]
Event: 11.234 Thread 0x00000175d8b58a70 Exception <a 'sun/nio/fs/WindowsException'{0x000000074a06eeb0}> (0x000000074a06eeb0) 
thrown [s\open\src\hotspot\share\prims\jni.cpp, line 520]
Event: 11.237 Thread 0x00000175d8b58a70 Exception <a 'sun/nio/fs/WindowsException'{0x000000074a086120}> (0x000000074a086120) 
thrown [s\open\src\hotspot\share\prims\jni.cpp, line 520]
Event: 11.242 Thread 0x00000175d8b58a70 Exception <a 'sun/nio/fs/WindowsException'{0x000000074a08d410}> (0x000000074a08d410) 
thrown [s\open\src\hotspot\share\prims\jni.cpp, line 520]
Event: 11.242 Thread 0x00000175d8b58a70 Exception <a 'sun/nio/fs/WindowsException'{0x000000074a08dba0}> (0x000000074a08dba0) 
thrown [s\open\src\hotspot\share\prims\jni.cpp, line 520]
Event: 11.243 Thread 0x00000175d8b58a70 Exception <a 'sun/nio/fs/WindowsException'{0x000000074a08e170}> (0x000000074a08e170) 
thrown [s\open\src\hotspot\share\prims\jni.cpp, line 520]
Event: 11.243 Thread 0x00000175d8b58a70 Exception <a 'sun/nio/fs/WindowsException'{0x000000074a08e8a8}> (0x000000074a08e8a8) 
thrown [s\open\src\hotspot\share\prims\jni.cpp, line 520]
Event: 11.243 Thread 0x00000175d8b58a70 Exception <a 'sun/nio/fs/WindowsException'{0x000000074a08efc8}> (0x000000074a08efc8) 
thrown [s\open\src\hotspot\share\prims\jni.cpp, line 520]
Event: 11.785 Thread 0x00000175ff3e9da0 Exception <a 'java/lang/NoSuchMethodError'{0x000000074c717f30}: 'java.lang.Object java.lang.invoke.DirectMethodHandle$Holder.invokeStatic(java.lang.Object, long, java.lang.Object)'> (0x000000074c717f30) 
thrown [s\open\src\hotspot\share\interpreter\linkResolver.cpp, line 773]
Event: 11.786 Thread 0x00000175ff3e9da0 Exception <a 'java/lang/NoSuchMethodError'{0x000000074c71b408}: 'java.lang.Object java.lang.invoke.DirectMethodHandle$Holder.invokeStaticInit(java.lang.Object, long, java.lang.Object)'> (0x000000074c71b408) 
thrown [s\open\src\hotspot\share\interpreter\linkResolver.cpp, line 773]
Event: 11.786 Thread 0x00000175ff3e9da0 Exception <a 'java/lang/NoSuchMethodError'{0x000000074c720a40}: 'java.lang.Object java.lang.invoke.DirectMethodHandle$Holder.newInvokeSpecial(java.lang.Object, long)'> (0x000000074c720a40) 
thrown [s\open\src\hotspot\share\interpreter\linkResolver.cpp, line 773]
Event: 11.787 Thread 0x00000175ff3e9da0 Exception <a 'java/lang/NoSuchMethodError'{0x000000074c7251c8}: 'long java.lang.invoke.DirectMethodHandle$Holder.invokeInterface(java.lang.Object, java.lang.Object)'> (0x000000074c7251c8) 
thrown [s\open\src\hotspot\share\interpreter\linkResolver.cpp, line 773]
Event: 11.788 Thread 0x00000175ff3e9da0 Exception <a 'java/lang/NoSuchMethodError'{0x000000074c728680}: 'long java.lang.invoke.DelegatingMethodHandle$Holder.reinvoke_L(java.lang.Object, java.lang.Object)'> (0x000000074c728680) 
thrown [s\open\src\hotspot\share\interpreter\linkResolver.cpp, line 773]
Event: 11.843 Thread 0x00000175d8b58a70 Exception <a 'java/lang/NoSuchMethodError'{0x000000074c4d7ac0}: 'java.lang.Object java.lang.invoke.DirectMethodHandle$Holder.invokeStaticInit(java.lang.Object, java.lang.Object, int, int, int, int)'> (0x000000074c4d7ac0) 
thrown [s\open\src\hotspot\share\interpreter\linkResolver.cpp, line 773]
Event: 12.109 Thread 0x00000175d8b58a70 Exception <a 'java/lang/NoSuchMethodError'{0x0000000749b642b0}: 'void java.lang.invoke.DirectMethodHandle$Holder.invokeStatic(java.lang.Object, long)'> (0x0000000749b642b0) 
thrown [s\open\src\hotspot\share\interpreter\linkResolver.cpp, line 773]

ZGC Phase Switch (0 events):
No events

VM Operations (20 events):
Event: 11.129 Executing VM operation: G1PauseRemark
Event: 11.153 Executing VM operation: G1PauseRemark done
Event: 11.210 Executing VM operation: G1PauseCleanup
Event: 11.212 Executing VM operation: G1PauseCleanup done
Event: 11.731 Executing VM operation: HandshakeAllThreads (Deoptimize)
Event: 11.731 Executing VM operation: HandshakeAllThreads (Deoptimize) done
Event: 11.736 Executing VM operation: G1CollectForAllocation (G1 Evacuation Pause)
Event: 11.745 Executing VM operation: G1CollectForAllocation (G1 Evacuation Pause) done
Event: 11.783 Executing VM operation: HandshakeAllThreads (Deoptimize)
Event: 11.784 Executing VM operation: HandshakeAllThreads (Deoptimize) done
Event: 12.007 Executing VM operation: HandshakeAllThreads (Deoptimize)
Event: 12.007 Executing VM operation: HandshakeAllThreads (Deoptimize) done
Event: 12.017 Executing VM operation: HandshakeAllThreads (Deoptimize)
Event: 12.017 Executing VM operation: HandshakeAllThreads (Deoptimize) done
Event: 12.034 Executing VM operation: HandshakeAllThreads (Deoptimize)
Event: 12.034 Executing VM operation: HandshakeAllThreads (Deoptimize) done
Event: 12.035 Executing VM operation: HandshakeAllThreads (Deoptimize)
Event: 12.035 Executing VM operation: HandshakeAllThreads (Deoptimize) done
Event: 12.111 Executing VM operation: HandshakeAllThreads (Deoptimize)
Event: 12.112 Executing VM operation: HandshakeAllThreads (Deoptimize) done

Events (20 events):
Event: 11.151 Thread 0x00000175d8b42a30 flushing nmethod 0x00000175eab64b90
Event: 11.151 Thread 0x00000175d8b42a30 flushing nmethod 0x00000175eab63e10
Event: 11.151 Thread 0x00000175d8b42a30 flushing nmethod 0x00000175eab5fb90
Event: 11.151 Thread 0x00000175d8b42a30 flushing nmethod 0x00000175eab59710
Event: 11.151 Thread 0x00000175d8b42a30 flushing nmethod 0x00000175eab58610
Event: 11.151 Thread 0x00000175d8b42a30 flushing nmethod 0x00000175eab4da10
Event: 11.151 Thread 0x00000175d8b42a30 flushing nmethod 0x00000175eab4c210
Event: 11.151 Thread 0x00000175d8b42a30 flushing nmethod 0x00000175eab49f10
Event: 11.151 Thread 0x00000175d8b42a30 flushing nmethod 0x00000175eab47f10
Event: 11.151 Thread 0x00000175d8b42a30 flushing nmethod 0x00000175eab46090
Event: 11.151 Thread 0x00000175d8b42a30 flushing nmethod 0x00000175eab30710
Event: 11.202 Thread 0x00000175f80278a0 Thread added: 0x00000175f80278a0
Event: 11.733 Thread 0x00000175ff3e9da0 Thread added: 0x00000175ff3e9da0
Event: 11.789 Thread 0x00000175ff3e9da0 Thread exited: 0x00000175ff3e9da0
Event: 11.950 Thread 0x00000175ff3eec60 Thread added: 0x00000175ff3eec60
Event: 11.956 Thread 0x00000175ff3ed8b0 Thread added: 0x00000175ff3ed8b0
Event: 12.089 Thread 0x00000175ff3eb7e0 Thread added: 0x00000175ff3eb7e0
Event: 12.134 Thread 0x00000175ff3e9da0 Thread added: 0x00000175ff3e9da0
Event: 12.135 Thread 0x00000175ff3ef980 Thread added: 0x00000175ff3ef980
Event: 12.145 Thread 0x00000175ff3eb150 Thread added: 0x00000175ff3eb150


Dynamic libraries:
0x00007ff7dfd90000 - 0x00007ff7dfda0000 	C:\Program Files\Java\jdk-21\bin\java.exe
0x00007fff68590000 - 0x00007fff68788000 	C:\Windows\SYSTEM32\ntdll.dll
0x00007fff66620000 - 0x00007fff666e2000 	C:\Windows\System32\KERNEL32.DLL
0x00007fff66030000 - 0x00007fff6632e000 	C:\Windows\System32\KERNELBASE.dll
0x00007fff66360000 - 0x00007fff66460000 	C:\Windows\System32\ucrtbase.dll
0x00007fff49d90000 - 0x00007fff49da9000 	C:\Program Files\Java\jdk-21\bin\jli.dll
0x00007fff5eed0000 - 0x00007fff5eeeb000 	C:\Program Files\Java\jdk-21\bin\VCRUNTIME140.dll
0x00007fff67630000 - 0x00007fff676e0000 	C:\Windows\System32\ADVAPI32.dll
0x00007fff68260000 - 0x00007fff682fe000 	C:\Windows\System32\msvcrt.dll
0x00007fff67a50000 - 0x00007fff67af0000 	C:\Windows\System32\sechost.dll
0x00007fff66e90000 - 0x00007fff66fb3000 	C:\Windows\System32\RPCRT4.dll
0x00007fff66330000 - 0x00007fff66357000 	C:\Windows\System32\bcrypt.dll
0x00007fff683b0000 - 0x00007fff6854d000 	C:\Windows\System32\USER32.dll
0x00007fff65e90000 - 0x00007fff65eb2000 	C:\Windows\System32\win32u.dll
0x00007fff666f0000 - 0x00007fff6671b000 	C:\Windows\System32\GDI32.dll
0x00007fff65ec0000 - 0x00007fff65fd7000 	C:\Windows\System32\gdi32full.dll
0x00007fff4c9d0000 - 0x00007fff4cc6a000 	C:\Windows\WinSxS\amd64_microsoft.windows.common-controls_6595b64144ccf1df_6.0.19041.4355_none_60b8b9eb71f62e16\COMCTL32.dll
0x00007fff65c40000 - 0x00007fff65cdd000 	C:\Windows\System32\msvcp_win.dll
0x00007fff55380000 - 0x00007fff5538a000 	C:\Windows\SYSTEM32\VERSION.dll
0x00007fff67020000 - 0x00007fff6704f000 	C:\Windows\System32\IMM32.DLL
0x00007fff5f470000 - 0x00007fff5f47c000 	C:\Program Files\Java\jdk-21\bin\vcruntime140_1.dll
0x00007fff48680000 - 0x00007fff4870e000 	C:\Program Files\Java\jdk-21\bin\msvcp140.dll
0x00007ffeec700000 - 0x00007ffeed417000 	C:\Program Files\Java\jdk-21\bin\server\jvm.dll
0x00007fff67540000 - 0x00007fff675ab000 	C:\Windows\System32\WS2_32.dll
0x00007fff54160000 - 0x00007fff54187000 	C:\Windows\SYSTEM32\WINMM.dll
0x00007fff65aa0000 - 0x00007fff65aeb000 	C:\Windows\SYSTEM32\POWRPROF.dll
0x00007fff65a80000 - 0x00007fff65a92000 	C:\Windows\SYSTEM32\UMPDC.dll
0x00007fff63a80000 - 0x00007fff63a92000 	C:\Windows\SYSTEM32\kernel.appcore.dll
0x00007fff5b5d0000 - 0x00007fff5b5da000 	C:\Program Files\Java\jdk-21\bin\jimage.dll
0x00007fff62730000 - 0x00007fff62914000 	C:\Windows\SYSTEM32\DBGHELP.DLL
0x00007fff50590000 - 0x00007fff505c4000 	C:\Windows\SYSTEM32\dbgcore.DLL
0x00007fff65ce0000 - 0x00007fff65d62000 	C:\Windows\System32\bcryptPrimitives.dll
0x00007fff541c0000 - 0x00007fff541cf000 	C:\Program Files\Java\jdk-21\bin\instrument.dll
0x00007fff48a30000 - 0x00007fff48a4f000 	C:\Program Files\Java\jdk-21\bin\java.dll
0x00007fff66720000 - 0x00007fff66e8f000 	C:\Windows\System32\SHELL32.dll
0x00007fff63c80000 - 0x00007fff64424000 	C:\Windows\SYSTEM32\windows.storage.dll
0x00007fff67050000 - 0x00007fff673a3000 	C:\Windows\System32\combase.dll
0x00007fff654c0000 - 0x00007fff654ee000 	C:\Windows\SYSTEM32\Wldp.dll
0x00007fff68070000 - 0x00007fff6813d000 	C:\Windows\System32\OLEAUT32.dll
0x00007fff67af0000 - 0x00007fff67b9d000 	C:\Windows\System32\SHCORE.dll
0x00007fff67ba0000 - 0x00007fff67bf5000 	C:\Windows\System32\shlwapi.dll
0x00007fff65b70000 - 0x00007fff65b94000 	C:\Windows\SYSTEM32\profapi.dll
0x00007fff485a0000 - 0x00007fff48677000 	C:\Program Files\Java\jdk-21\bin\jsvml.dll
0x00007fff48400000 - 0x00007fff48418000 	C:\Program Files\Java\jdk-21\bin\zip.dll
0x00007fff54080000 - 0x00007fff54090000 	C:\Program Files\Java\jdk-21\bin\net.dll
0x00007fff5bb40000 - 0x00007fff5bc4d000 	C:\Windows\SYSTEM32\WINHTTP.dll
0x00007fff652a0000 - 0x00007fff6530a000 	C:\Windows\system32\mswsock.dll
0x00007fff483e0000 - 0x00007fff483f6000 	C:\Program Files\Java\jdk-21\bin\nio.dll
0x00007fff48a70000 - 0x00007fff48a8a000 	C:\Program Files\JetBrains\IntelliJ IDEA Community Edition 2023.2.6\bin\breakgen64.dll
0x00007fff53e50000 - 0x00007fff53e59000 	C:\Program Files\Java\jdk-21\bin\extnet.dll
0x00007fff48570000 - 0x00007fff48594000 	C:\Users\UBA\AppData\Local\Temp\jansi-2.4.1-3bab2e5341192c4a-jansi.dll
0x00007fff51780000 - 0x00007fff51790000 	C:\Program Files\Java\jdk-21\bin\verify.dll
0x00007fff64e30000 - 0x00007fff64e63000 	C:\Windows\SYSTEM32\ntmarta.dll
0x00007fff65500000 - 0x00007fff65518000 	C:\Windows\SYSTEM32\CRYPTSP.dll
0x00007fff64be0000 - 0x00007fff64c14000 	C:\Windows\system32\rsaenh.dll
0x00007fff65b30000 - 0x00007fff65b5e000 	C:\Windows\SYSTEM32\USERENV.dll
0x00007fff65430000 - 0x00007fff6543c000 	C:\Windows\SYSTEM32\CRYPTBASE.dll
0x00007fff64fa0000 - 0x00007fff64fdb000 	C:\Windows\SYSTEM32\IPHLPAPI.DLL
0x00007fff676e0000 - 0x00007fff676e8000 	C:\Windows\System32\NSI.dll

dbghelp: loaded successfully - version: 4.0.5 - missing functions: none
symbol engine: initialized successfully - sym options: 0x614 - pdb path: .;C:\Program Files\Java\jdk-21\bin;C:\Windows\SYSTEM32;C:\Windows\WinSxS\amd64_microsoft.windows.common-controls_6595b64144ccf1df_6.0.19041.4355_none_60b8b9eb71f62e16;C:\Program Files\Java\jdk-21\bin\server;C:\Program Files\JetBrains\IntelliJ IDEA Community Edition 2023.2.6\bin;C:\Users\UBA\AppData\Local\Temp

VM Arguments:
jvm_args: -Dmaven.multiModuleProjectDirectory=C:\Users\UBA\Downloads\task_management1\task_management1 -Djansi.passthrough=true -Dmaven.home=C:\Users\UBA\.m2\wrapper\dists\apache-maven-3.9.9-bin\4nf9hui3q3djbarqar9g711ggc\apache-maven-3.9.9 -Dclassworlds.conf=C:\Users\UBA\.m2\wrapper\dists\apache-maven-3.9.9-bin\4nf9hui3q3djbarqar9g711ggc\apache-maven-3.9.9\bin\m2.conf -Dmaven.ext.class.path=C:\Program Files\JetBrains\IntelliJ IDEA Community Edition 2023.2.6\plugins\maven\lib\maven-event-listener.jar -javaagent:C:\Program Files\JetBrains\IntelliJ IDEA Community Edition 2023.2.6\lib\idea_rt.jar=56374:C:\Program Files\JetBrains\IntelliJ IDEA Community Edition 2023.2.6\bin -Dfile.encoding=UTF-8 -Dsun.stdout.encoding=UTF-8 -Dsun.stderr.encoding=UTF-8 
java_command: org.codehaus.classworlds.Launcher -Didea.version=2023.2.8 install
java_class_path (initial): C:\Users\UBA\.m2\wrapper\dists\apache-maven-3.9.9-bin\4nf9hui3q3djbarqar9g711ggc\apache-maven-3.9.9\boot\plexus-classworlds-2.8.0.jar;C:\Users\UBA\.m2\wrapper\dists\apache-maven-3.9.9-bin\4nf9hui3q3djbarqar9g711ggc\apache-maven-3.9.9\boot\plexus-classworlds.license
Launcher Type: SUN_STANDARD

[Global flags]
     intx CICompilerCount                          = 3                                         {product} {ergonomic}
     uint ConcGCThreads                            = 1                                         {product} {ergonomic}
     uint G1ConcRefinementThreads                  = 4                                         {product} {ergonomic}
   size_t G1HeapRegionSize                         = 2097152                                   {product} {ergonomic}
    uintx GCDrainStackTargetSize                   = 64                                        {product} {ergonomic}
   size_t InitialHeapSize                          = 199229440                                 {product} {ergonomic}
   size_t MarkStackSize                            = 4194304                                   {product} {ergonomic}
   size_t MaxHeapSize                              = 3168796672                                {product} {ergonomic}
   size_t MaxNewSize                               = 1900019712                                {product} {ergonomic}
   size_t MinHeapDeltaBytes                        = 2097152                                   {product} {ergonomic}
   size_t MinHeapSize                              = 8388608                                   {product} {ergonomic}
    uintx NonNMethodCodeHeapSize                   = 5832780                                {pd product} {ergonomic}
    uintx NonProfiledCodeHeapSize                  = 122912730                              {pd product} {ergonomic}
    uintx ProfiledCodeHeapSize                     = 122912730                              {pd product} {ergonomic}
    uintx ReservedCodeCacheSize                    = 251658240                              {pd product} {ergonomic}
     bool SegmentedCodeCache                       = true                                      {product} {ergonomic}
   size_t SoftMaxHeapSize                          = 3168796672                             {manageable} {ergonomic}
     bool UseCompressedOops                        = true                           {product lp64_product} {ergonomic}
     bool UseG1GC                                  = true                                      {product} {ergonomic}
     bool UseLargePagesIndividualAllocation        = false                                  {pd product} {ergonomic}

Logging:
Log output configuration:
 #0: stdout all=warning uptime,level,tags foldmultilines=false
 #1: stderr all=off uptime,level,tags foldmultilines=false

Environment Variables:
PATH=C:\Program Files\Java\jdk-22\bin;C:\Program Files\Common Files\Oracle\Java\javapath;C:\Program Files (x86)\Common Files\Oracle\Java\java8path;C:\Program Files (x86)\Common Files\Oracle\Java\javapath;C:\Python312\Scripts\;C:\Python312\;C:\Windows\system32;C:\Windows;C:\Windows\System32\Wbem;C:\Windows\System32\WindowsPowerShell\v1.0\;C:\Windows\System32\OpenSSH\;C:\Program Files\Git\cmd;C:\Program Files\nodejs\;C:\ProgramData\chocolatey\bin;;C:\Program Files\Docker\Docker\resources\bin;C:\Program Files\MySQL\MySQL Shell 8.0\bin\;C:\Users\UBA\miniconda3;C:\Users\UBA\miniconda3\Library\mingw-w64\bin;C:\Users\UBA\miniconda3\Library\usr\bin;C:\Users\UBA\miniconda3\Library\bin;C:\Users\UBA\miniconda3\Scripts;C:\Users\UBA\Downloads\1_click_install\installer_files\ffmpeg\bin\;C:\Program Files\Java\jdk-22\bin;C:\Program Files\Common Files\Oracle\Java\javapath;C:\Program Files (x86)\Common Files\Oracle\Java\java8path;C:\Program Files (x86)\Common Files\Oracle\Java\javapath;C:\Python312\Scripts\;C:\Python312\;C:\Windows\system32;C:\Windows;C:\Windows\System32\Wbem;C:\Windows\System32\WindowsPowerShell\v1.0\;C:\Windows\System32\OpenSSH\;C:\Program Files\Git\cmd;C:\Program Files\nodejs\;C:\ProgramData\chocolatey\bin;C:\Users\UBA\AppData\Local\Microsoft\WindowsApps;C:\Users\UBA\AppData\Local\Programs\Microsoft VS Code\bin;C:\ProgramData\HP\GitHubDesktop\bin;C:\Users\UBA\AppData\Local\GitHubDesktop\bin;C:\Users\UBA\AppData\Roaming\npm;C:\Windows\system32;C:\tools\mysql\current\bin;
USERNAME=HP
OS=Windows_NT
PROCESSOR_IDENTIFIER=Intel64 Family 6 Model 126 Stepping 5, GenuineIntel
TMP=C:\Users\UBA\AppData\Local\Temp
TEMP=C:\Users\UBA\AppData\Local\Temp




Periodic native trim disabled

---------------  S Y S T E M  ---------------

OS:
 Windows 10 , 64 bit Build 19041 (10.0.19041.4957)
OS uptime: 1 days 17:48 hours
Hyper-V role detected

CPU: total 4 (initial active 4) (2 cores per cpu, 2 threads per core) family 6 model 126 stepping 5 microcode 0xb0, cx8, cmov, fxsr, ht, mmx, 3dnowpref, sse, sse2, sse3, ssse3, sse4.1, sse4.2, popcnt, lzcnt, tsc, tscinvbit, avx, avx2, aes, erms, clmul, bmi1, bmi2, adx, avx512f, avx512dq, avx512cd, avx512bw, avx512vl, sha, fma, vzeroupper, avx512_vpopcntdq, avx512_vpclmulqdq, avx512_vaes, avx512_vnni, clflush, clflushopt, avx512_vbmi2, avx512_vbmi, hv, rdtscp, rdpid, fsrm, gfni, avx512_bitalg, f16c, avx512_ifma
Processor Information for all 4 processors :
  Max Mhz: 1190, Current Mhz: 1190, Mhz Limit: 1190

Memory: 4k page, system-wide physical 12083M (732M free)
TotalPageFile size 48947M (AvailPageFile size 8M)
current process WorkingSet (physical memory assigned to process): 324M, peak: 326M
current process commit charge ("private bytes"): 350M, peak: 355M

vm_info: Java HotSpot(TM) 64-Bit Server VM (21.0.2+13-LTS-58) for windows-amd64 JRE (21.0.2+13-LTS-58), built on 2024-01-05T18:32:24Z by "mach5one" with MS VC++ 17.1 (VS2022)

END.
